<?xml version="1.0" encoding="UTF-8"?>
<testsuite name="org.mockito.release.util.ArgumentValidationTest" tests="3" skipped="0" failures="0" errors="0" timestamp="2025-03-28T23:20:33" hostname="LAPTOP-99SVNK69" time="0.022">
  <properties/>
  <testcase name="validates arguments" classname="org.mockito.release.util.ArgumentValidationTest" time="0.016"/>
  <testcase name="throws exception when null found" classname="org.mockito.release.util.ArgumentValidationTest" time="0.005"/>
  <testcase name="warns when incorrect input supplied" classname="org.mockito.release.util.ArgumentValidationTest" time="0.0"/>
  <system-out><![CDATA[]]></system-out>
  <system-err><![CDATA[]]></system-err>
</testsuite>
