<?xml version="1.0" encoding="UTF-8"?>
<testsuite name="org.mockito.release.git.DefaultGitToolTest" tests="1" skipped="0" failures="0" errors="0" timestamp="2025-03-28T23:20:33" hostname="LAPTOP-99SVNK69" time="0.007">
  <properties/>
  <testcase name="sets author" classname="org.mockito.release.git.DefaultGitToolTest" time="0.007"/>
  <system-out><![CDATA[]]></system-out>
  <system-err><![CDATA[]]></system-err>
</testsuite>
