<?xml version="1.0" encoding="UTF-8"?>
<testsuite name="org.mockito.release.notes.versions.FromNotesContentTest" tests="2" skipped="0" failures="0" errors="0" timestamp="2025-03-28T23:20:31" hostname="LAPTOP-99SVNK69" time="0.014">
  <properties/>
  <testcase name="gets previous version from notes content" classname="org.mockito.release.notes.versions.FromNotesContentTest" time="0.008"/>
  <testcase name="throws reasonable exception if version cannot be parsed" classname="org.mockito.release.notes.versions.FromNotesContentTest" time="0.006"/>
  <system-out><![CDATA[]]></system-out>
  <system-err><![CDATA[]]></system-err>
</testsuite>
